<?xml version="1.0" encoding="UTF-8"?>
<!-- Generated by org.testng.reporters.JUnitReportReporter -->
<testsuite skipped="0" hostname="ASUKHEJA-IN" name="deleteMethods.TC3_DELETE_Request" tests="1" failures="0" timestamp="2021-02-06T00:50:50 IST" time="3.521" errors="0">
  <testcase name="deleteAnActivity" time="3.521" classname="deleteMethods.TC3_DELETE_Request"/>
  <system-out/>
</testsuite> <!-- deleteMethods.TC3_DELETE_Request -->
