<?xml version="1.0" encoding="UTF-8"?>
<!-- Generated by org.testng.reporters.JUnitReportReporter -->
<testsuite skipped="0" hostname="ASUKHEJA-IN" name="postMethods.TC2_POST_Request" tests="1" failures="0" timestamp="2021-02-03T21:26:22 IST" time="10.121" errors="0">
  <testcase name="postData" time="10.121" classname="postMethods.TC2_POST_Request"/>
  <system-out/>
</testsuite> <!-- postMethods.TC2_POST_Request -->
