<?xml version="1.0" encoding="UTF-8"?>
<!-- Generated by org.testng.reporters.JUnitReportReporter -->
<testsuite skipped="0" hostname="ASUKHEJA-IN" name="putMethods.TC4_PUT_Request" tests="1" failures="0" timestamp="2021-02-06T01:20:07 IST" time="3.829" errors="0">
  <testcase name="updateAnActivity" time="3.829" classname="putMethods.TC4_PUT_Request"/>
  <system-out/>
</testsuite> <!-- putMethods.TC4_PUT_Request -->
