<?xml version="1.0" encoding="UTF-8"?>
<!-- Generated by org.testng.reporters.JUnitReportReporter -->
<testsuite skipped="0" hostname="ASUKHEJA-IN" name="dataDrivenTestCases.AddAnActivity" tests="3" failures="0" timestamp="2021-02-04T14:22:07 IST" time="13.309" errors="0">
  <testcase name="addNewActivity" time="1.292" classname="dataDrivenTestCases.AddAnActivity"/>
  <system-out/>
  <testcase name="addNewActivity" time="10.421" classname="dataDrivenTestCases.AddAnActivity"/>
  <system-out/>
  <testcase name="addNewActivity" time="1.596" classname="dataDrivenTestCases.AddAnActivity"/>
  <system-out/>
</testsuite> <!-- dataDrivenTestCases.AddAnActivity -->
