<?xml version="1.0" encoding="UTF-8"?>
<!-- Generated by org.testng.reporters.JUnitReportReporter -->
<testsuite skipped="0" hostname="ASUKHEJA-IN" name="getMethods.TC1_GET_Request" tests="1" failures="0" timestamp="2021-02-04T01:16:40 IST" time="3.809" errors="0">
  <testcase name="getActivityDetails" time="3.809" classname="getMethods.TC1_GET_Request"/>
  <system-out/>
</testsuite> <!-- getMethods.TC1_GET_Request -->
