<?xml version="1.0" encoding="UTF-8"?>
<!-- Generated by org.testng.reporters.JUnitReportReporter -->
<testsuite skipped="0" hostname="ASUKHEJA-IN" name="dataDrivenTestCases.ExcelData_AddAnActivity" tests="5" failures="0" timestamp="2021-02-04T16:51:37 IST" time="8.547" errors="0">
  <testcase name="addNewActivity" time="1.271" classname="dataDrivenTestCases.ExcelData_AddAnActivity"/>
  <system-out/>
  <testcase name="addNewActivity" time="3.634" classname="dataDrivenTestCases.ExcelData_AddAnActivity"/>
  <system-out/>
  <testcase name="addNewActivity" time="1.210" classname="dataDrivenTestCases.ExcelData_AddAnActivity"/>
  <system-out/>
  <testcase name="addNewActivity" time="1.186" classname="dataDrivenTestCases.ExcelData_AddAnActivity"/>
  <system-out/>
  <testcase name="addNewActivity" time="1.246" classname="dataDrivenTestCases.ExcelData_AddAnActivity"/>
  <system-out/>
</testsuite> <!-- dataDrivenTestCases.ExcelData_AddAnActivity -->
