<?xml version="1.0" encoding="UTF-8"?>
<!-- Generated by org.testng.reporters.JUnitReportReporter -->
<testsuite skipped="0" hostname="ASUKHEJA-IN" name="dataDrivenTestCases.DataProvider_AddAnActivity" tests="3" failures="0" timestamp="2021-02-04T14:25:36 IST" time="10.760" errors="0">
  <testcase name="addNewActivity" time="1.212" classname="dataDrivenTestCases.DataProvider_AddAnActivity"/>
  <system-out/>
  <testcase name="addNewActivity" time="8.184" classname="dataDrivenTestCases.DataProvider_AddAnActivity"/>
  <system-out/>
  <testcase name="addNewActivity" time="1.364" classname="dataDrivenTestCases.DataProvider_AddAnActivity"/>
  <system-out/>
</testsuite> <!-- dataDrivenTestCases.DataProvider_AddAnActivity -->
